<?xml version="1.0" encoding="UTF-8"?>
<testsuites name="Add Listing" time="24" tests="1" failures="0" errors="0">
   <testsuite name="Add Listing" tests="1" failures="0" errors="0" time="24" timestamp="2018-11-19 16:13:48" hostname="Asset-192 - WINCTRL-I1MBNJ3" id="Test Suites/Add Listing">
      <properties>
         <property name="deviceName" value=""/>
         <property name="devicePlatform" value=""/>
         <property name="logFolder" value="C:\\Users\\Asset-192\\Katalon Studio\\Workilo\\Reports\\Add Listing\\20181119_161122"/>
         <property name="logFiles" value="C:\\Users\\Asset-192\\Katalon Studio\\Workilo\\Reports\\Add Listing\\20181119_161122\\execution0.log"/>
         <property name="attachments" value=""/>
         <property name="hostName" value="Asset-192 - WINCTRL-I1MBNJ3"/>
         <property name="os" value="Windows 8.1 64bit"/>
         <property name="katalonVersion" value="5.8.6.1"/>
         <property name="browser" value="Chrome 70.0.3538.102"/>
         <property name="hostAddress" value="192.168.0.110"/>
         <property name="sessionId" value="7f76da2e99c3915babb2fad3389cf016"/>
         <property name="seleniumVersion" value="3.7.1"/>
         <property name="proxyInformation" value="ProxyInformation{proxyOption=NO_PROXY, proxyServerType=HTTP, password=, proxyServerAddress=, proxyServerPort=0}"/>
         <property name="platform" value="Windows 8.1"/>
      </properties>
      <testcase name="Test Cases/AddListingWithExcel" classname="Test Cases/AddListingWithExcel" status="PASSED">
         <system-out><![CDATA[2018-11-19 16:13:49 - [TEST_CASE][PASSED] - Test Cases/AddListingWithExcel: Test Cases/AddListingWithExcel

2018-11-19 16:13:50 - [TEST_STEP][PASSED] - Statement - For ([row = 1, row <= com.kms.katalon.core.testdata.TestDataFactory.findTestData(Read data for Add listing).getRowNumbers(), (row++)]): Browser is closed

2018-11-19 16:13:50 - [TEST_STEP][PASSED] - openBrowser: Browser is opened with url: ''

2018-11-19 16:13:54 - [MESSAGE][PASSED] - Browser is opened with url: ''

2018-11-19 16:13:54 - [TEST_STEP][PASSED] - navigateToUrl: Navigate to 'https://www.workilo.com/' successfully

2018-11-19 16:14:01 - [MESSAGE][PASSED] - Navigate to 'https://www.workilo.com/' successfully

2018-11-19 16:14:01 - [TEST_STEP][PASSED] - maximizeWindow: Current window maximized

2018-11-19 16:14:02 - [MESSAGE][PASSED] - Current window maximized

2018-11-19 16:14:02 - [TEST_STEP][PASSED] - click: Object: 'Object Repository/Add Listing/Page_Workilo  Welcome/a_Log In' is clicked on

2018-11-19 16:14:02 - [MESSAGE][PASSED] - Object: 'Object Repository/Add Listing/Page_Workilo  Welcome/a_Log In' is clicked on

2018-11-19 16:14:02 - [TEST_STEP][PASSED] - setText: Text 'pawel.r.walczuk@gmail.com' is set on object 'Object Repository/Add Listing/Page_Workilo  Welcome/input_email_address'

2018-11-19 16:14:03 - [MESSAGE][PASSED] - Text 'pawel.r.walczuk@gmail.com' is set on object 'Object Repository/Add Listing/Page_Workilo  Welcome/input_email_address'

2018-11-19 16:14:03 - [TEST_STEP][PASSED] - setText: Text 'admin#123' is set on object 'Object Repository/Add Listing/Page_Workilo  Welcome/input_password'

2018-11-19 16:14:03 - [MESSAGE][PASSED] - Text 'admin#123' is set on object 'Object Repository/Add Listing/Page_Workilo  Welcome/input_password'

2018-11-19 16:14:03 - [TEST_STEP][PASSED] - clickEvent.SelectServices.clickUsingJS1: clickEvent.SelectServices.clickUsingJS1 is PASSED

2018-11-19 16:14:03 - [MESSAGE][PASSED] - clickEvent.SelectServices.clickUsingJS1 is PASSED

2018-11-19 16:14:03 - [TEST_STEP][PASSED] - clickEvent.SelectServices.clickUsingJS1: clickEvent.SelectServices.clickUsingJS1 is PASSED

2018-11-19 16:14:06 - [MESSAGE][PASSED] - clickEvent.SelectServices.clickUsingJS1 is PASSED

2018-11-19 16:14:06 - [TEST_STEP][PASSED] - setText: Text 'Painting123' is set on object 'Object Repository/Add Listing/Page_Workilo  Create Listing/input_title'

2018-11-19 16:14:06 - [MESSAGE][PASSED] - Text 'Painting123' is set on object 'Object Repository/Add Listing/Page_Workilo  Create Listing/input_title'

2018-11-19 16:14:06 - [TEST_STEP][PASSED] - selectOptionByValue: All options with value '84' are selected in object 'Object Repository/Add Listing/Page_Workilo  Create Listing/select_Please SelectAssemblyCr'  using regular expression

2018-11-19 16:14:07 - [MESSAGE][PASSED] - All options with value '84' are selected in object 'Object Repository/Add Listing/Page_Workilo  Create Listing/select_Please SelectAssemblyCr'  using regular expression

2018-11-19 16:14:07 - [TEST_STEP][PASSED] - setText: Text 'paint' is set on object 'Object Repository/Add Listing/Page_Workilo  Create Listing/input_cell'

2018-11-19 16:14:07 - [MESSAGE][PASSED] - Text 'paint' is set on object 'Object Repository/Add Listing/Page_Workilo  Create Listing/input_cell'

2018-11-19 16:14:07 - [TEST_STEP][PASSED] - scrollToPosition: Browser is scrolled to position x = 0, y = 350

2018-11-19 16:14:07 - [MESSAGE][PASSED] - Browser is scrolled to position x = 0, y = 350

2018-11-19 16:14:07 - [TEST_STEP][PASSED] - setText: Text '$1,800 for the painting of 4 rooms. One which had two decorative finishes.' is set on object 'Object Repository/Add Listing/Page_Workilo  Create Listing/textarea_description'

2018-11-19 16:14:07 - [MESSAGE][PASSED] - Text '$1,800 for the painting of 4 rooms. One which had two decorative finishes.' is set on object 'Object Repository/Add Listing/Page_Workilo  Create Listing/textarea_description'

2018-11-19 16:14:07 - [TEST_STEP][PASSED] - setText: Text '1' is set on object 'Object Repository/Add Listing/Page_Workilo  Create Listing/input_price'

2018-11-19 16:14:08 - [MESSAGE][PASSED] - Text '1' is set on object 'Object Repository/Add Listing/Page_Workilo  Create Listing/input_price'

2018-11-19 16:14:08 - [TEST_STEP][PASSED] - scrollToPosition: Browser is scrolled to position x = 0, y = 350

2018-11-19 16:14:08 - [MESSAGE][PASSED] - Browser is scrolled to position x = 0, y = 350

2018-11-19 16:14:08 - [TEST_STEP][PASSED] - setText: Text 'Paint and materials were $200' is set on object 'Object Repository/Add Listing/Page_Workilo  Create Listing/textarea_description_material'

2018-11-19 16:14:08 - [MESSAGE][PASSED] - Text 'Paint and materials were $200' is set on object 'Object Repository/Add Listing/Page_Workilo  Create Listing/textarea_description_material'

2018-11-19 16:14:08 - [TEST_STEP][PASSED] - selectOptionByValue: All options with value '2' are selected in object 'Object Repository/Add Listing/Page_Workilo  Create Listing/select_Miles willing to travel'  using regular expression

2018-11-19 16:14:08 - [MESSAGE][PASSED] - All options with value '2' are selected in object 'Object Repository/Add Listing/Page_Workilo  Create Listing/select_Miles willing to travel'  using regular expression

2018-11-19 16:14:08 - [TEST_STEP][PASSED] - setText: Text 'kolkata' is set on object 'Object Repository/Add Listing/Page_Workilo  Create Listing/input_where_located'

2018-11-19 16:14:09 - [MESSAGE][PASSED] - Text 'kolkata' is set on object 'Object Repository/Add Listing/Page_Workilo  Create Listing/input_where_located'

2018-11-19 16:14:09 - [TEST_STEP][PASSED] - setText: Text '1' is set on object 'Object Repository/Add Listing/Page_Workilo  Create Listing/input_how_many_hours'

2018-11-19 16:14:09 - [MESSAGE][PASSED] - Text '1' is set on object 'Object Repository/Add Listing/Page_Workilo  Create Listing/input_how_many_hours'

2018-11-19 16:14:09 - [TEST_STEP][PASSED] - scrollToPosition: Browser is scrolled to position x = 0, y = 1000

2018-11-19 16:14:09 - [MESSAGE][PASSED] - Browser is scrolled to position x = 0, y = 1000

2018-11-19 16:14:09 - [TEST_STEP][PASSED] - uploadFile: File 'C:\Users\Asset-192\Desktop\sample images\br.jpg' sent to object: 'Object Repository/Add Listing/Page_Workilo  Create Listing/input_image-upload1'

2018-11-19 16:14:09 - [MESSAGE][PASSED] - File 'C:\Users\Asset-192\Desktop\sample images\br.jpg' sent to object: 'Object Repository/Add Listing/Page_Workilo  Create Listing/input_image-upload1'

2018-11-19 16:14:09 - [TEST_STEP][PASSED] - verifyElementVisible: Object 'Object Repository/Add Listing/Page_Workilo  Create Listing/save' is visible

2018-11-19 16:14:09 - [MESSAGE][PASSED] - Object 'Object Repository/Add Listing/Page_Workilo  Create Listing/save' is visible

2018-11-19 16:14:09 - [TEST_STEP][PASSED] - waitForElementVisible: Object 'Object Repository/Add Listing/Page_Workilo  Create Listing/save' is visible

2018-11-19 16:14:09 - [MESSAGE][PASSED] - Object 'Object Repository/Add Listing/Page_Workilo  Create Listing/save' is visible

2018-11-19 16:14:09 - [TEST_STEP][PASSED] - scrollToElement: Scroll to object 'Object Repository/Add Listing/Page_Workilo  Create Listing/save' successfully

2018-11-19 16:14:09 - [MESSAGE][PASSED] - Scroll to object 'Object Repository/Add Listing/Page_Workilo  Create Listing/save' successfully

2018-11-19 16:14:09 - [TEST_STEP][PASSED] - clickEvent.SelectServices.clickUsingJS1: clickEvent.SelectServices.clickUsingJS1 is PASSED

2018-11-19 16:14:12 - [MESSAGE][PASSED] - clickEvent.SelectServices.clickUsingJS1 is PASSED

2018-11-19 16:14:12 - [TEST_STEP][PASSED] - Statement - Try: Finding Test Object with id 'Object Repository/Add Listing/Page_Workilo  Service Provider Dash/duplicateEntry'

2018-11-19 16:14:12 - [TEST_STEP][PASSED] - Statement - errMsg1 = com.kms.katalon.core.webui.keyword.WebUiBuiltInKeywords.verifyElementVisible(com.kms.katalon.core.testobject.ObjectRepository.findTestObject(Object Repository/Add Listing/Page_Workilo  Service Provider Dash/duplicateEntry), 5): Finding Test Object with id 'Object Repository/Add Listing/Page_Workilo  Service Provider Dash/duplicateEntry'

2018-11-19 16:14:12 - [TEST_STEP][PASSED] - Statement - Catch (Exception e): null

2018-11-19 16:14:12 - [TEST_STEP][PASSED] - closeBrowser: Browser is closed

2018-11-19 16:14:13 - [MESSAGE][PASSED] - Browser is closed]]></system-out>
         <system-err><![CDATA[]]></system-err>
      </testcase>
      <system-out><![CDATA[2018-11-19 16:13:48 - [TEST_SUITE][PASSED] - Add Listing: Test Cases/AddListingWithExcel]]></system-out>
      <system-err><![CDATA[]]></system-err>
   </testsuite>
</testsuites>
