<?xml version="1.0" encoding="UTF-8"?>
<testsuites name="Manage Shop" time="24" tests="1" failures="0" errors="0">
   <testsuite name="Manage Shop" tests="1" failures="0" errors="0" time="24" timestamp="2018-11-22 16:48:59" hostname="Asset-192 - WINCTRL-I1MBNJ3" id="Test Suites/Manage Shop">
      <properties>
         <property name="deviceName" value=""/>
         <property name="devicePlatform" value=""/>
         <property name="logFolder" value="C:\\Users\\Asset-192\\Katalon Studio\\Workilo\\Reports\\Manage Shop\\20181122_164131"/>
         <property name="logFiles" value="C:\\Users\\Asset-192\\Katalon Studio\\Workilo\\Reports\\Manage Shop\\20181122_164131\\execution0.log"/>
         <property name="attachments" value=""/>
         <property name="hostName" value="Asset-192 - WINCTRL-I1MBNJ3"/>
         <property name="os" value="Windows 8.1 64bit"/>
         <property name="katalonVersion" value="5.8.6.1"/>
         <property name="browser" value="Chrome 70.0.3538.102"/>
         <property name="hostAddress" value="192.168.0.110"/>
         <property name="sessionId" value="f7372df6843f5f89810c3294c86da7ef"/>
         <property name="seleniumVersion" value="3.7.1"/>
         <property name="proxyInformation" value="ProxyInformation{proxyOption=NO_PROXY, proxyServerType=HTTP, password=, proxyServerAddress=, proxyServerPort=0}"/>
         <property name="platform" value="Windows 8.1"/>
      </properties>
      <testcase name="Test Cases/Update profile Image" classname="Test Cases/Update profile Image" status="PASSED">
         <system-out><![CDATA[2018-11-22 16:49:00 - [TEST_CASE][PASSED] - Test Cases/Update profile Image: Test Cases/Update profile Image

2018-11-22 16:49:01 - [TEST_STEP][PASSED] - openBrowser: Browser is opened with url: 'https://www.workilo.com/'

2018-11-22 16:49:13 - [MESSAGE][PASSED] - Browser is opened with url: 'https://www.workilo.com/'

2018-11-22 16:49:13 - [TEST_STEP][PASSED] - click: Object: 'Object Repository/Update Profile Image/Page_Workilo  Welcome/a_Log In' is clicked on

2018-11-22 16:49:13 - [MESSAGE][PASSED] - Object: 'Object Repository/Update Profile Image/Page_Workilo  Welcome/a_Log In' is clicked on

2018-11-22 16:49:13 - [TEST_STEP][PASSED] - maximizeWindow: Current window maximized

2018-11-22 16:49:15 - [MESSAGE][PASSED] - Current window maximized

2018-11-22 16:49:15 - [TEST_STEP][PASSED] - setText: Text 'pawel.r.walczuk@gmail.com' is set on object 'Object Repository/Update Profile Image/Page_Workilo  Welcome/input_email_address'

2018-11-22 16:49:15 - [MESSAGE][PASSED] - Text 'pawel.r.walczuk@gmail.com' is set on object 'Object Repository/Update Profile Image/Page_Workilo  Welcome/input_email_address'

2018-11-22 16:49:15 - [TEST_STEP][PASSED] - setText: Text 'admin#123' is set on object 'Object Repository/Update Profile Image/Page_Workilo  Welcome/input_password'

2018-11-22 16:49:15 - [MESSAGE][PASSED] - Text 'admin#123' is set on object 'Object Repository/Update Profile Image/Page_Workilo  Welcome/input_password'

2018-11-22 16:49:15 - [TEST_STEP][PASSED] - scrollToElement: Scroll to object 'Object Repository/Update Profile Image/Page_Workilo  Welcome/input_button' successfully

2018-11-22 16:49:15 - [MESSAGE][PASSED] - Scroll to object 'Object Repository/Update Profile Image/Page_Workilo  Welcome/input_button' successfully

2018-11-22 16:49:15 - [TEST_STEP][PASSED] - clickEvent.SelectServices.clickUsingJS1: clickEvent.SelectServices.clickUsingJS1 is PASSED

2018-11-22 16:49:16 - [MESSAGE][PASSED] - clickEvent.SelectServices.clickUsingJS1 is PASSED

2018-11-22 16:49:16 - [TEST_STEP][PASSED] - clickEvent.SelectServices.clickUsingJS1: clickEvent.SelectServices.clickUsingJS1 is PASSED

2018-11-22 16:49:16 - [MESSAGE][PASSED] - clickEvent.SelectServices.clickUsingJS1 is PASSED

2018-11-22 16:49:16 - [TEST_STEP][PASSED] - clickEvent.SelectServices.clickUsingJS1: clickEvent.SelectServices.clickUsingJS1 is PASSED

2018-11-22 16:49:19 - [MESSAGE][PASSED] - clickEvent.SelectServices.clickUsingJS1 is PASSED

2018-11-22 16:49:19 - [TEST_STEP][PASSED] - uploadFile: File 'C:\Users\Asset-192\Desktop\sample images\car1.jpg' sent to object: 'Object Repository/Update Profile Image/Page_Workilo  Shop Info/input_image'

2018-11-22 16:49:19 - [MESSAGE][PASSED] - File 'C:\Users\Asset-192\Desktop\sample images\car1.jpg' sent to object: 'Object Repository/Update Profile Image/Page_Workilo  Shop Info/input_image'

2018-11-22 16:49:19 - [TEST_STEP][PASSED] - clickEvent.SelectServices.clickUsingJS1: clickEvent.SelectServices.clickUsingJS1 is PASSED

2018-11-22 16:49:19 - [MESSAGE][PASSED] - clickEvent.SelectServices.clickUsingJS1 is PASSED

2018-11-22 16:49:19 - [TEST_STEP][PASSED] - clickEvent.SelectServices.clickUsingJS1: clickEvent.SelectServices.clickUsingJS1 is PASSED

2018-11-22 16:49:23 - [MESSAGE][PASSED] - clickEvent.SelectServices.clickUsingJS1 is PASSED

2018-11-22 16:49:23 - [TEST_STEP][PASSED] - closeBrowser: Browser is closed

2018-11-22 16:49:24 - [MESSAGE][PASSED] - Browser is closed]]></system-out>
         <system-err><![CDATA[]]></system-err>
      </testcase>
      <system-out><![CDATA[2018-11-22 16:48:59 - [TEST_SUITE][PASSED] - Manage Shop: Test Cases/Update profile Image]]></system-out>
      <system-err><![CDATA[]]></system-err>
   </testsuite>
</testsuites>
