<?xml version="1.0" encoding="UTF-8"?>
<testsuites name="Sign IN" time="80" tests="1" failures="0" errors="0">
   <testsuite name="Sign IN" tests="1" failures="0" errors="0" time="80" timestamp="2018-11-22 16:43:25" hostname="Asset-192 - WINCTRL-I1MBNJ3" id="Test Suites/Sign IN">
      <properties>
         <property name="deviceName" value=""/>
         <property name="devicePlatform" value=""/>
         <property name="logFolder" value="C:\\Users\\Asset-192\\Katalon Studio\\Workilo\\Reports\\Sign IN\\20181122_164130"/>
         <property name="logFiles" value="C:\\Users\\Asset-192\\Katalon Studio\\Workilo\\Reports\\Sign IN\\20181122_164130\\execution0.log"/>
         <property name="attachments" value="C:\\Users\\Asset-192\\Katalon Studio\\Workilo\\Reports\\Sign IN\\20181122_164130\\1542885265054.png, C:\\Users\\Asset-192\\Katalon Studio\\Workilo\\Reports\\Sign IN\\20181122_164130\\1542885284864.png"/>
         <property name="hostName" value="Asset-192 - WINCTRL-I1MBNJ3"/>
         <property name="os" value="Windows 8.1 64bit"/>
         <property name="katalonVersion" value="5.8.6.1"/>
         <property name="browser" value="Chrome 70.0.3538.102"/>
         <property name="hostAddress" value="192.168.0.110"/>
         <property name="sessionId" value="038febff2aba0794bf0a9a686a36015d"/>
         <property name="seleniumVersion" value="3.7.1"/>
         <property name="proxyInformation" value="ProxyInformation{proxyOption=NO_PROXY, proxyServerType=HTTP, password=, proxyServerAddress=, proxyServerPort=0}"/>
         <property name="platform" value="Windows 8.1"/>
      </properties>
      <testcase name="Test Cases/SignInWithExcel" classname="Test Cases/SignInWithExcel" status="PASSED">
         <system-out><![CDATA[2018-11-22 16:43:25 - [TEST_CASE][PASSED] - Test Cases/SignInWithExcel: Test Cases/SignInWithExcel

2018-11-22 16:43:26 - [TEST_STEP][PASSED] - Statement - For ([row = 1, row <= com.kms.katalon.core.testdata.TestDataFactory.findTestData(Login).getRowNumbers(), (row++)]): Browser is closed

2018-11-22 16:43:27 - [TEST_STEP][PASSED] - openBrowser: Browser is opened with url: ''

2018-11-22 16:43:30 - [MESSAGE][PASSED] - Browser is opened with url: ''

2018-11-22 16:43:30 - [TEST_STEP][PASSED] - navigateToUrl: Navigate to 'https://www.workilo.com/' successfully

2018-11-22 16:43:50 - [MESSAGE][PASSED] - Navigate to 'https://www.workilo.com/' successfully

2018-11-22 16:43:50 - [TEST_STEP][PASSED] - maximizeWindow: Current window maximized

2018-11-22 16:43:51 - [MESSAGE][PASSED] - Current window maximized

2018-11-22 16:43:51 - [TEST_STEP][PASSED] - click: Object: 'Object Repository/Add Listing/Page_Workilo  Welcome/a_Log In' is clicked on

2018-11-22 16:43:52 - [MESSAGE][PASSED] - Object: 'Object Repository/Add Listing/Page_Workilo  Welcome/a_Log In' is clicked on

2018-11-22 16:43:52 - [TEST_STEP][PASSED] - setText: Text 'nazneenfatma60@gmail.com' is set on object 'Object Repository/Add Listing/Page_Workilo  Welcome/input_email_address'

2018-11-22 16:43:52 - [MESSAGE][PASSED] - Text 'nazneenfatma60@gmail.com' is set on object 'Object Repository/Add Listing/Page_Workilo  Welcome/input_email_address'

2018-11-22 16:43:52 - [TEST_STEP][PASSED] - setText: Text 'admin#123' is set on object 'Object Repository/Add Listing/Page_Workilo  Welcome/input_password'

2018-11-22 16:43:52 - [MESSAGE][PASSED] - Text 'admin#123' is set on object 'Object Repository/Add Listing/Page_Workilo  Welcome/input_password'

2018-11-22 16:43:52 - [TEST_STEP][PASSED] - click: Object: 'Object Repository/Add Listing/Page_Workilo  Welcome/input_button' is clicked on

2018-11-22 16:43:52 - [MESSAGE][PASSED] - Object: 'Object Repository/Add Listing/Page_Workilo  Welcome/input_button' is clicked on

2018-11-22 16:43:52 - [TEST_STEP][PASSED] - Statement - title = com.kms.katalon.core.webui.keyword.WebUiBuiltInKeywords.getWindowTitle(): Current window's title is: 'Workilo :: Home Improvement And Renovation Services in Brooklyn by Workilo'

2018-11-22 16:43:52 - [MESSAGE][PASSED] - Current window's title is: 'Workilo :: Home Improvement And Renovation Services in Brooklyn by Workilo'

2018-11-22 16:43:52 - [TEST_STEP][PASSED] - Statement - Try: null

2018-11-22 16:43:52 - [TEST_STEP][PASSED] - verifyElementNotVisible: Unable to verify object 'Object Repository/Negative testing/SignIn Validation/Add Listing icon' is NOT visible (Root cause: org.openqa.selenium.InvalidSelectorException: invalid selector: Unable to locate an element with the xpath expression  because of the following error:
SyntaxError: Failed to execute 'evaluate' on 'Document': The string '' is not a valid XPath expression.
  (Session info: chrome=70.0.3538.102)
  (Driver info: chromedriver=2.43.600210 (68dcf5eebde37173d4027fa8635e332711d2874a),platform=Windows NT 6.3.9600 x86_64) (WARNING: The server did not provide any stacktrace information)
Command duration or timeout: 0 milliseconds
For documentation on this error, please visit: http://seleniumhq.org/exceptions/invalid_selector_exception.html
Build info: version: '3.7.1', revision: '8a0099a', time: '2017-11-06T21:07:36.161Z'
System info: host: 'WINCTRL-I1MBNJ3', ip: '192.168.0.110', os.name: 'Windows 8.1', os.arch: 'amd64', os.version: '6.3', java.version: '1.8.0_102'
Driver info: com.kms.katalon.selenium.driver.CChromeDriver
Capabilities {acceptInsecureCerts: false, acceptSslCerts: false, applicationCacheEnabled: false, browserConnectionEnabled: false, browserName: chrome, chrome: {chromedriverVersion: 2.43.600210 (68dcf5eebde371..., userDataDir: C:\Users\ASSET-~1\AppData\L...}, cssSelectorsEnabled: true, databaseEnabled: false, goog:chromeOptions: {debuggerAddress: localhost:60880}, handlesAlerts: true, hasTouchScreen: false, javascriptEnabled: true, locationContextEnabled: true, mobileEmulationEnabled: false, nativeEvents: true, networkConnectionEnabled: false, pageLoadStrategy: normal, platform: XP, platformName: XP, rotatable: false, setWindowRect: true, takesHeapSnapshot: true, takesScreenshot: true, unexpectedAlertBehaviour: , unhandledPromptBehavior: , version: 70.0.3538.102, webStorageEnabled: true}
Session ID: a27efb5c9b20c1d592aa67c91e75626e
*** Element info: {Using=xpath, value=})

2018-11-22 16:44:25 - [MESSAGE][WARNING] - Unable to verify object 'Object Repository/Negative testing/SignIn Validation/Add Listing icon' is NOT visible (Root cause: org.openqa.selenium.InvalidSelectorException: invalid selector: Unable to locate an element with the xpath expression  because of the following error:
SyntaxError: Failed to execute 'evaluate' on 'Document': The string '' is not a valid XPath expression.
  (Session info: chrome=70.0.3538.102)
  (Driver info: chromedriver=2.43.600210 (68dcf5eebde37173d4027fa8635e332711d2874a),platform=Windows NT 6.3.9600 x86_64) (WARNING: The server did not provide any stacktrace information)
Command duration or timeout: 0 milliseconds
For documentation on this error, please visit: http://seleniumhq.org/exceptions/invalid_selector_exception.html
Build info: version: '3.7.1', revision: '8a0099a', time: '2017-11-06T21:07:36.161Z'
System info: host: 'WINCTRL-I1MBNJ3', ip: '192.168.0.110', os.name: 'Windows 8.1', os.arch: 'amd64', os.version: '6.3', java.version: '1.8.0_102'
Driver info: com.kms.katalon.selenium.driver.CChromeDriver
Capabilities {acceptInsecureCerts: false, acceptSslCerts: false, applicationCacheEnabled: false, browserConnectionEnabled: false, browserName: chrome, chrome: {chromedriverVersion: 2.43.600210 (68dcf5eebde371..., userDataDir: C:\Users\ASSET-~1\AppData\L...}, cssSelectorsEnabled: true, databaseEnabled: false, goog:chromeOptions: {debuggerAddress: localhost:60880}, handlesAlerts: true, hasTouchScreen: false, javascriptEnabled: true, locationContextEnabled: true, mobileEmulationEnabled: false, nativeEvents: true, networkConnectionEnabled: false, pageLoadStrategy: normal, platform: XP, platformName: XP, rotatable: false, setWindowRect: true, takesHeapSnapshot: true, takesScreenshot: true, unexpectedAlertBehaviour: , unhandledPromptBehavior: , version: 70.0.3538.102, webStorageEnabled: true}
Session ID: a27efb5c9b20c1d592aa67c91e75626e
*** Element info: {Using=xpath, value=})
[[ATTACHMENT|C:\\Users\\Asset-192\\Katalon Studio\\Workilo\\Reports\\Sign IN\\20181122_164130\\1542885265054.png]]

2018-11-22 16:44:25 - [TEST_STEP][PASSED] - println: null

2018-11-22 16:44:26 - [TEST_STEP][PASSED] - Statement - Finally: Browser is closed

2018-11-22 16:44:26 - [TEST_STEP][PASSED] - closeBrowser: Browser is closed

2018-11-22 16:44:26 - [MESSAGE][PASSED] - Browser is closed

2018-11-22 16:44:26 - [TEST_STEP][PASSED] - openBrowser: Browser is opened with url: ''

2018-11-22 16:44:29 - [MESSAGE][PASSED] - Browser is opened with url: ''

2018-11-22 16:44:29 - [TEST_STEP][PASSED] - navigateToUrl: Navigate to 'https://www.workilo.com/' successfully

2018-11-22 16:44:39 - [MESSAGE][PASSED] - Navigate to 'https://www.workilo.com/' successfully

2018-11-22 16:44:39 - [TEST_STEP][PASSED] - maximizeWindow: Current window maximized

2018-11-22 16:44:40 - [MESSAGE][PASSED] - Current window maximized

2018-11-22 16:44:40 - [TEST_STEP][PASSED] - click: Object: 'Object Repository/Add Listing/Page_Workilo  Welcome/a_Log In' is clicked on

2018-11-22 16:44:40 - [MESSAGE][PASSED] - Object: 'Object Repository/Add Listing/Page_Workilo  Welcome/a_Log In' is clicked on

2018-11-22 16:44:40 - [TEST_STEP][PASSED] - setText: Text 'pawel.r.walczuk@gmail.com' is set on object 'Object Repository/Add Listing/Page_Workilo  Welcome/input_email_address'

2018-11-22 16:44:41 - [MESSAGE][PASSED] - Text 'pawel.r.walczuk@gmail.com' is set on object 'Object Repository/Add Listing/Page_Workilo  Welcome/input_email_address'

2018-11-22 16:44:41 - [TEST_STEP][PASSED] - setText: Text 'admin#123' is set on object 'Object Repository/Add Listing/Page_Workilo  Welcome/input_password'

2018-11-22 16:44:41 - [MESSAGE][PASSED] - Text 'admin#123' is set on object 'Object Repository/Add Listing/Page_Workilo  Welcome/input_password'

2018-11-22 16:44:41 - [TEST_STEP][PASSED] - click: Object: 'Object Repository/Add Listing/Page_Workilo  Welcome/input_button' is clicked on

2018-11-22 16:44:41 - [MESSAGE][PASSED] - Object: 'Object Repository/Add Listing/Page_Workilo  Welcome/input_button' is clicked on

2018-11-22 16:44:41 - [TEST_STEP][PASSED] - Statement - title = com.kms.katalon.core.webui.keyword.WebUiBuiltInKeywords.getWindowTitle(): Current window's title is: 'Workilo :: Home Improvement And Renovation Services in Brooklyn by Workilo'

2018-11-22 16:44:41 - [MESSAGE][PASSED] - Current window's title is: 'Workilo :: Home Improvement And Renovation Services in Brooklyn by Workilo'

2018-11-22 16:44:41 - [TEST_STEP][PASSED] - Statement - Try: null

2018-11-22 16:44:41 - [TEST_STEP][PASSED] - verifyElementNotVisible: Object 'Object Repository/Negative testing/SignIn Validation/Add Listing icon' is visible

2018-11-22 16:44:45 - [MESSAGE][WARNING] - Object 'Object Repository/Negative testing/SignIn Validation/Add Listing icon' is visible
[[ATTACHMENT|C:\\Users\\Asset-192\\Katalon Studio\\Workilo\\Reports\\Sign IN\\20181122_164130\\1542885284864.png]]

2018-11-22 16:44:45 - [TEST_STEP][PASSED] - println: null

2018-11-22 16:44:45 - [TEST_STEP][PASSED] - Statement - Finally: Browser is closed

2018-11-22 16:44:45 - [TEST_STEP][PASSED] - closeBrowser: Browser is closed

2018-11-22 16:44:45 - [MESSAGE][PASSED] - Browser is closed]]></system-out>
         <system-err><![CDATA[]]></system-err>
      </testcase>
      <system-out><![CDATA[2018-11-22 16:43:25 - [TEST_SUITE][PASSED] - Sign IN: Test Cases/SignInWithExcel]]></system-out>
      <system-err><![CDATA[]]></system-err>
   </testsuite>
</testsuites>
