<?xml version="1.0" encoding="UTF-8"?>
<testsuites name="Booking Services" time="110" tests="3" failures="0" errors="0">
   <testsuite name="Booking Services" tests="3" failures="0" errors="0" time="110" timestamp="2018-11-21 16:07:02" hostname="Asset-192 - WINCTRL-I1MBNJ3" id="Test Suites/Booking Services">
      <properties>
         <property name="deviceName" value=""/>
         <property name="devicePlatform" value=""/>
         <property name="logFolder" value="C:\\Users\\Asset-192\\Katalon Studio\\Workilo\\Reports\\Booking Services\\20181121_160659"/>
         <property name="logFiles" value="C:\\Users\\Asset-192\\Katalon Studio\\Workilo\\Reports\\Booking Services\\20181121_160659\\execution0.log"/>
         <property name="attachments" value="C:\\Users\\Asset-192\\Katalon Studio\\Workilo\\Reports\\Booking Services\\20181121_160659\\Booking.png"/>
         <property name="hostName" value="Asset-192 - WINCTRL-I1MBNJ3"/>
         <property name="os" value="Windows 8.1 64bit"/>
         <property name="katalonVersion" value="5.8.6.1"/>
         <property name="browser" value="Chrome 70.0.3538.102"/>
         <property name="hostAddress" value="192.168.0.110"/>
         <property name="sessionId" value="c5bf09767232a82f08217e55b6ccd429"/>
         <property name="seleniumVersion" value="3.7.1"/>
         <property name="proxyInformation" value="ProxyInformation{proxyOption=NO_PROXY, proxyServerType=HTTP, password=, proxyServerAddress=, proxyServerPort=0}"/>
         <property name="platform" value="Windows 8.1"/>
      </properties>
      <testcase name="Test Cases/Booking Services for Customer" classname="Test Cases/Booking Services for Customer" status="PASSED">
         <system-out><![CDATA[2018-11-21 16:07:03 - [TEST_CASE][PASSED] - Test Cases/Booking Services for Customer: Test Cases/Booking Services for Customer

2018-11-21 16:07:03 - [TEST_STEP][PASSED] - openBrowser: Browser is opened with url: ''

2018-11-21 16:07:08 - [MESSAGE][PASSED] - Browser is opened with url: ''

2018-11-21 16:07:08 - [TEST_STEP][PASSED] - navigateToUrl: Navigate to 'https://www.workilo.com/' successfully

2018-11-21 16:07:19 - [MESSAGE][PASSED] - Navigate to 'https://www.workilo.com/' successfully

2018-11-21 16:07:19 - [TEST_STEP][PASSED] - maximizeWindow: Current window maximized

2018-11-21 16:07:20 - [MESSAGE][PASSED] - Current window maximized

2018-11-21 16:07:20 - [TEST_STEP][PASSED] - setText: Text 'painting123' is set on object 'Object Repository/Booking Services/input_search_keyword'

2018-11-21 16:07:20 - [MESSAGE][PASSED] - Text 'painting123' is set on object 'Object Repository/Booking Services/input_search_keyword'

2018-11-21 16:07:20 - [TEST_STEP][PASSED] - clickEvent.SelectServices.clickUsingJS1: clickEvent.SelectServices.clickUsingJS1 is PASSED

2018-11-21 16:07:23 - [MESSAGE][PASSED] - clickEvent.SelectServices.clickUsingJS1 is PASSED

2018-11-21 16:07:23 - [TEST_STEP][PASSED] - scrollToPosition: Browser is scrolled to position x = 0, y = 400

2018-11-21 16:07:23 - [MESSAGE][PASSED] - Browser is scrolled to position x = 0, y = 400

2018-11-21 16:07:23 - [TEST_STEP][PASSED] - waitForElementVisible: Object 'Object Repository/Booking Services/p_Painting1' is visible

2018-11-21 16:07:24 - [MESSAGE][PASSED] - Object 'Object Repository/Booking Services/p_Painting1' is visible

2018-11-21 16:07:24 - [TEST_STEP][PASSED] - clickEvent.SelectServices.clickUsingJS1: clickEvent.SelectServices.clickUsingJS1 is PASSED

2018-11-21 16:07:26 - [MESSAGE][PASSED] - clickEvent.SelectServices.clickUsingJS1 is PASSED

2018-11-21 16:07:26 - [TEST_STEP][PASSED] - scrollToPosition: Browser is scrolled to position x = 0, y = 450

2018-11-21 16:07:26 - [MESSAGE][PASSED] - Browser is scrolled to position x = 0, y = 450

2018-11-21 16:07:26 - [TEST_STEP][PASSED] - click: Object: 'Object Repository/Booking Services/a_book now' is clicked on

2018-11-21 16:07:26 - [MESSAGE][PASSED] - Object: 'Object Repository/Booking Services/a_book now' is clicked on

2018-11-21 16:07:26 - [TEST_STEP][PASSED] - setText: Text 'nazneenfatma60@gmail.com' is set on object 'Object Repository/Booking Services/input_email_address'

2018-11-21 16:07:27 - [MESSAGE][PASSED] - Text 'nazneenfatma60@gmail.com' is set on object 'Object Repository/Booking Services/input_email_address'

2018-11-21 16:07:27 - [TEST_STEP][PASSED] - setText: Text 'admin#123' is set on object 'Object Repository/Booking Services/input_password'

2018-11-21 16:07:27 - [MESSAGE][PASSED] - Text 'admin#123' is set on object 'Object Repository/Booking Services/input_password'

2018-11-21 16:07:27 - [TEST_STEP][PASSED] - waitForElementVisible: Object 'Object Repository/Booking Services/input_button' is visible

2018-11-21 16:07:27 - [MESSAGE][PASSED] - Object 'Object Repository/Booking Services/input_button' is visible

2018-11-21 16:07:27 - [TEST_STEP][PASSED] - click: Object: 'Object Repository/Booking Services/input_button' is clicked on

2018-11-21 16:07:27 - [MESSAGE][PASSED] - Object: 'Object Repository/Booking Services/input_button' is clicked on

2018-11-21 16:07:27 - [TEST_STEP][PASSED] - waitForElementClickable: Object 'Object Repository/Booking Services/a_Want to add time' is clickable

2018-11-21 16:07:28 - [MESSAGE][PASSED] - Object 'Object Repository/Booking Services/a_Want to add time' is clickable

2018-11-21 16:07:28 - [TEST_STEP][PASSED] - takeScreenshot: Taking screenshot successfully

2018-11-21 16:07:30 - [MESSAGE][PASSED] - Taking screenshot successfully
[[ATTACHMENT|C:\\Users\\Asset-192\\Katalon Studio\\Workilo\\Reports\\Booking Services\\20181121_160659\\Booking.png]]

2018-11-21 16:07:30 - [TEST_STEP][PASSED] - waitForElementClickable: Object 'Object Repository/Booking Services/a_Want to add time' is clickable

2018-11-21 16:07:30 - [MESSAGE][PASSED] - Object 'Object Repository/Booking Services/a_Want to add time' is clickable

2018-11-21 16:07:30 - [TEST_STEP][PASSED] - click: Object: 'Object Repository/Booking Services/a_next step' is clicked on

2018-11-21 16:07:30 - [MESSAGE][PASSED] - Object: 'Object Repository/Booking Services/a_next step' is clicked on

2018-11-21 16:07:30 - [TEST_STEP][PASSED] - waitForElementVisible: Object 'Object Repository/Booking Services/input_billing_address1' is visible

2018-11-21 16:07:31 - [MESSAGE][PASSED] - Object 'Object Repository/Booking Services/input_billing_address1' is visible

2018-11-21 16:07:31 - [TEST_STEP][PASSED] - setText: Text 'sdff' is set on object 'Object Repository/Booking Services/input_billing_address1'

2018-11-21 16:07:31 - [MESSAGE][PASSED] - Text 'sdff' is set on object 'Object Repository/Booking Services/input_billing_address1'

2018-11-21 16:07:31 - [TEST_STEP][PASSED] - setText: Text 'sdfdsf' is set on object 'Object Repository/Booking Services/input_billing_city'

2018-11-21 16:07:31 - [MESSAGE][PASSED] - Text 'sdfdsf' is set on object 'Object Repository/Booking Services/input_billing_city'

2018-11-21 16:07:31 - [TEST_STEP][PASSED] - setText: Text 'CAsdf' is set on object 'Object Repository/Booking Services/input_billing_state'

2018-11-21 16:07:32 - [MESSAGE][PASSED] - Text 'CAsdf' is set on object 'Object Repository/Booking Services/input_billing_state'

2018-11-21 16:07:32 - [TEST_STEP][PASSED] - setText: Text '4354646' is set on object 'Object Repository/Booking Services/input_billing_zip'

2018-11-21 16:07:32 - [MESSAGE][PASSED] - Text '4354646' is set on object 'Object Repository/Booking Services/input_billing_zip'

2018-11-21 16:07:32 - [TEST_STEP][PASSED] - setText: Text 'dfvdffgd' is set on object 'Object Repository/Booking By recording/textarea'

2018-11-21 16:07:32 - [MESSAGE][PASSED] - Text 'dfvdffgd' is set on object 'Object Repository/Booking By recording/textarea'

2018-11-21 16:07:32 - [TEST_STEP][PASSED] - scrollToElement: Scroll to object 'Object Repository/Booking Services/Next Button for Step-2' successfully

2018-11-21 16:07:32 - [MESSAGE][PASSED] - Scroll to object 'Object Repository/Booking Services/Next Button for Step-2' successfully

2018-11-21 16:07:32 - [TEST_STEP][PASSED] - focus: Object: 'Object Repository/Booking Services/Next Button for Step-2' is focused

2018-11-21 16:07:32 - [MESSAGE][PASSED] - Object: 'Object Repository/Booking Services/Next Button for Step-2' is focused

2018-11-21 16:07:32 - [TEST_STEP][PASSED] - waitForElementClickable: Object 'Object Repository/Booking Services/Next Button for Step-2' is clickable

2018-11-21 16:07:32 - [MESSAGE][PASSED] - Object 'Object Repository/Booking Services/Next Button for Step-2' is clickable

2018-11-21 16:07:32 - [TEST_STEP][PASSED] - click: Object: 'Object Repository/Booking Services/Next Button for Step-2' is clicked on

2018-11-21 16:07:33 - [MESSAGE][PASSED] - Object: 'Object Repository/Booking Services/Next Button for Step-2' is clicked on

2018-11-21 16:07:33 - [TEST_STEP][PASSED] - verifyElementPresent: Object 'Object Repository/Booking Services/input_billing_first_name' is present

2018-11-21 16:07:33 - [MESSAGE][PASSED] - Object 'Object Repository/Booking Services/input_billing_first_name' is present

2018-11-21 16:07:33 - [TEST_STEP][PASSED] - verifyElementPresent: Object 'Object Repository/Booking Services/input_billing_last_name' is present

2018-11-21 16:07:33 - [MESSAGE][PASSED] - Object 'Object Repository/Booking Services/input_billing_last_name' is present

2018-11-21 16:07:33 - [TEST_STEP][PASSED] - verifyElementPresent: Object 'Object Repository/Booking Services/input_billing_phone' is present

2018-11-21 16:07:33 - [MESSAGE][PASSED] - Object 'Object Repository/Booking Services/input_billing_phone' is present

2018-11-21 16:07:33 - [TEST_STEP][PASSED] - verifyElementPresent: Object 'Object Repository/Booking Services/input_billing_email' is present

2018-11-21 16:07:33 - [MESSAGE][PASSED] - Object 'Object Repository/Booking Services/input_billing_email' is present

2018-11-21 16:07:33 - [TEST_STEP][PASSED] - click: Object: 'Object Repository/Booking Services/Next Button Step-3' is clicked on

2018-11-21 16:07:34 - [MESSAGE][PASSED] - Object: 'Object Repository/Booking Services/Next Button Step-3' is clicked on

2018-11-21 16:07:34 - [TEST_STEP][PASSED] - click: Object: 'Object Repository/Booking Services/Page_Workilo  List Detail page/span_checkout' is clicked on

2018-11-21 16:07:34 - [MESSAGE][PASSED] - Object: 'Object Repository/Booking Services/Page_Workilo  List Detail page/span_checkout' is clicked on

2018-11-21 16:07:34 - [TEST_STEP][PASSED] - click: Object: 'Object Repository/Booking Services/change card details' is clicked on

2018-11-21 16:07:34 - [MESSAGE][PASSED] - Object: 'Object Repository/Booking Services/change card details' is clicked on

2018-11-21 16:07:34 - [TEST_STEP][PASSED] - setText: Text '4563310021976554' is set on object 'Object Repository/Booking Services/Page_Workilo  List Detail page/input_card_number'

2018-11-21 16:07:35 - [MESSAGE][PASSED] - Text '4563310021976554' is set on object 'Object Repository/Booking Services/Page_Workilo  List Detail page/input_card_number'

2018-11-21 16:07:35 - [TEST_STEP][PASSED] - setText: Text '01' is set on object 'Object Repository/Booking Services/Page_Workilo  List Detail page/input_month'

2018-11-21 16:07:35 - [MESSAGE][PASSED] - Text '01' is set on object 'Object Repository/Booking Services/Page_Workilo  List Detail page/input_month'

2018-11-21 16:07:35 - [TEST_STEP][PASSED] - setText: Text '19' is set on object 'Object Repository/Booking Services/Page_Workilo  List Detail page/input_year'

2018-11-21 16:07:35 - [MESSAGE][PASSED] - Text '19' is set on object 'Object Repository/Booking Services/Page_Workilo  List Detail page/input_year'

2018-11-21 16:07:35 - [TEST_STEP][PASSED] - setText: Text 'Pawel WalcZuk' is set on object 'Object Repository/Booking Services/Page_Workilo  List Detail page/input_cardholder_name'

2018-11-21 16:07:35 - [MESSAGE][PASSED] - Text 'Pawel WalcZuk' is set on object 'Object Repository/Booking Services/Page_Workilo  List Detail page/input_cardholder_name'

2018-11-21 16:07:35 - [TEST_STEP][PASSED] - setText: Text '827' is set on object 'Object Repository/Booking Services/Page_Workilo  List Detail page/input_cvc'

2018-11-21 16:07:36 - [MESSAGE][PASSED] - Text '827' is set on object 'Object Repository/Booking Services/Page_Workilo  List Detail page/input_cvc'

2018-11-21 16:07:36 - [TEST_STEP][PASSED] - click: Object: 'Object Repository/Booking Services/Book now button' is clicked on

2018-11-21 16:07:36 - [MESSAGE][PASSED] - Object: 'Object Repository/Booking Services/Book now button' is clicked on]]></system-out>
         <system-err><![CDATA[]]></system-err>
      </testcase>
      <testcase name="Test Cases/Accept Booking" classname="Test Cases/Accept Booking" status="PASSED">
         <system-out><![CDATA[2018-11-21 16:07:36 - [TEST_CASE][PASSED] - Test Cases/Accept Booking: Test Cases/Accept Booking

2018-11-21 16:07:36 - [TEST_STEP][PASSED] - openBrowser: Browser is opened with url: ''

2018-11-21 16:07:36 - [MESSAGE][WARNING] - A browser is already opened. Closing browser and opening a new one

2018-11-21 16:07:39 - [MESSAGE][PASSED] - Browser is opened with url: ''

2018-11-21 16:07:39 - [TEST_STEP][PASSED] - navigateToUrl: Navigate to 'https://www.workilo.com/' successfully

2018-11-21 16:08:10 - [MESSAGE][PASSED] - Navigate to 'https://www.workilo.com/' successfully

2018-11-21 16:08:10 - [TEST_STEP][PASSED] - maximizeWindow: Current window maximized

2018-11-21 16:08:11 - [MESSAGE][PASSED] - Current window maximized

2018-11-21 16:08:11 - [TEST_STEP][PASSED] - click: Object: 'Object Repository/Add Listing/Page_Workilo  Welcome/a_Log In' is clicked on

2018-11-21 16:08:11 - [MESSAGE][PASSED] - Object: 'Object Repository/Add Listing/Page_Workilo  Welcome/a_Log In' is clicked on

2018-11-21 16:08:11 - [TEST_STEP][PASSED] - setText: Text 'pawel.r.walczuk@gmail.com' is set on object 'Object Repository/Add Listing/Page_Workilo  Welcome/input_email_address'

2018-11-21 16:08:11 - [MESSAGE][PASSED] - Text 'pawel.r.walczuk@gmail.com' is set on object 'Object Repository/Add Listing/Page_Workilo  Welcome/input_email_address'

2018-11-21 16:08:11 - [TEST_STEP][PASSED] - setText: Text 'admin#123' is set on object 'Object Repository/Add Listing/Page_Workilo  Welcome/input_password'

2018-11-21 16:08:12 - [MESSAGE][PASSED] - Text 'admin#123' is set on object 'Object Repository/Add Listing/Page_Workilo  Welcome/input_password'

2018-11-21 16:08:12 - [TEST_STEP][PASSED] - click: Object: 'Object Repository/Add Listing/Page_Workilo  Welcome/input_button' is clicked on

2018-11-21 16:08:12 - [MESSAGE][PASSED] - Object: 'Object Repository/Add Listing/Page_Workilo  Welcome/input_button' is clicked on

2018-11-21 16:08:12 - [TEST_STEP][PASSED] - click: Object: 'Object Repository/AcceptBookingOrder/Booking menu' is clicked on

2018-11-21 16:08:17 - [MESSAGE][PASSED] - Object: 'Object Repository/AcceptBookingOrder/Booking menu' is clicked on

2018-11-21 16:08:17 - [TEST_STEP][PASSED] - click: Object: 'Object Repository/AcceptBookingOrder/Orderdetails tab' is clicked on

2018-11-21 16:08:18 - [MESSAGE][PASSED] - Object: 'Object Repository/AcceptBookingOrder/Orderdetails tab' is clicked on

2018-11-21 16:08:18 - [TEST_STEP][PASSED] - click: Object: 'Object Repository/AcceptBookingOrder/button_Accept' is clicked on

2018-11-21 16:08:19 - [MESSAGE][PASSED] - Object: 'Object Repository/AcceptBookingOrder/button_Accept' is clicked on

2018-11-21 16:08:19 - [TEST_STEP][PASSED] - click: Object: 'Object Repository/AcceptBookingOrder/confirm accept button' is clicked on

2018-11-21 16:08:19 - [MESSAGE][PASSED] - Object: 'Object Repository/AcceptBookingOrder/confirm accept button' is clicked on]]></system-out>
         <system-err><![CDATA[]]></system-err>
      </testcase>
      <testcase name="Test Cases/Mark as complete" classname="Test Cases/Mark as complete" status="PASSED">
         <system-out><![CDATA[2018-11-21 16:08:19 - [TEST_CASE][PASSED] - Test Cases/Mark as complete: Test Cases/Mark as complete

2018-11-21 16:08:19 - [TEST_STEP][PASSED] - openBrowser: Browser is opened with url: ''

2018-11-21 16:08:19 - [MESSAGE][WARNING] - A browser is already opened. Closing browser and opening a new one

2018-11-21 16:08:22 - [MESSAGE][PASSED] - Browser is opened with url: ''

2018-11-21 16:08:22 - [TEST_STEP][PASSED] - navigateToUrl: Navigate to 'https://www.workilo.com/' successfully

2018-11-21 16:08:40 - [MESSAGE][PASSED] - Navigate to 'https://www.workilo.com/' successfully

2018-11-21 16:08:40 - [TEST_STEP][PASSED] - maximizeWindow: Current window maximized

2018-11-21 16:08:41 - [MESSAGE][PASSED] - Current window maximized

2018-11-21 16:08:41 - [TEST_STEP][PASSED] - click: Object: 'Object Repository/Add Listing/Page_Workilo  Welcome/a_Log In' is clicked on

2018-11-21 16:08:41 - [MESSAGE][PASSED] - Object: 'Object Repository/Add Listing/Page_Workilo  Welcome/a_Log In' is clicked on

2018-11-21 16:08:41 - [TEST_STEP][PASSED] - setText: Text 'pawel.r.walczuk@gmail.com' is set on object 'Object Repository/Add Listing/Page_Workilo  Welcome/input_email_address'

2018-11-21 16:08:42 - [MESSAGE][PASSED] - Text 'pawel.r.walczuk@gmail.com' is set on object 'Object Repository/Add Listing/Page_Workilo  Welcome/input_email_address'

2018-11-21 16:08:42 - [TEST_STEP][PASSED] - setText: Text 'admin#123' is set on object 'Object Repository/Add Listing/Page_Workilo  Welcome/input_password'

2018-11-21 16:08:42 - [MESSAGE][PASSED] - Text 'admin#123' is set on object 'Object Repository/Add Listing/Page_Workilo  Welcome/input_password'

2018-11-21 16:08:42 - [TEST_STEP][PASSED] - click: Object: 'Object Repository/Add Listing/Page_Workilo  Welcome/input_button' is clicked on

2018-11-21 16:08:42 - [MESSAGE][PASSED] - Object: 'Object Repository/Add Listing/Page_Workilo  Welcome/input_button' is clicked on

2018-11-21 16:08:42 - [TEST_STEP][PASSED] - click: Object: 'Object Repository/AcceptBookingOrder/Booking menu' is clicked on

2018-11-21 16:08:48 - [MESSAGE][PASSED] - Object: 'Object Repository/AcceptBookingOrder/Booking menu' is clicked on

2018-11-21 16:08:48 - [TEST_STEP][PASSED] - refresh: Refresh successfully

2018-11-21 16:08:50 - [MESSAGE][PASSED] - Refresh successfully

2018-11-21 16:08:50 - [TEST_STEP][PASSED] - click: Object: 'Object Repository/MarkServiceComplete/AcceptedOrderDetail' is clicked on

2018-11-21 16:08:50 - [MESSAGE][PASSED] - Object: 'Object Repository/MarkServiceComplete/AcceptedOrderDetail' is clicked on

2018-11-21 16:08:50 - [TEST_STEP][PASSED] - click: Object: 'Object Repository/MarkServiceComplete/AcceptedOrderList' is clicked on

2018-11-21 16:08:51 - [MESSAGE][PASSED] - Object: 'Object Repository/MarkServiceComplete/AcceptedOrderList' is clicked on

2018-11-21 16:08:51 - [TEST_STEP][PASSED] - click: Object: 'Object Repository/MarkServiceComplete/ServiceCompleteButton' is clicked on

2018-11-21 16:08:52 - [MESSAGE][PASSED] - Object: 'Object Repository/MarkServiceComplete/ServiceCompleteButton' is clicked on

2018-11-21 16:08:52 - [TEST_STEP][PASSED] - click: Object: 'Object Repository/MarkServiceComplete/ConfirmCompleteButton' is clicked on

2018-11-21 16:08:52 - [MESSAGE][PASSED] - Object: 'Object Repository/MarkServiceComplete/ConfirmCompleteButton' is clicked on]]></system-out>
         <system-err><![CDATA[]]></system-err>
      </testcase>
      <system-out><![CDATA[2018-11-21 16:07:02 - [TEST_SUITE][PASSED] - Booking Services: Test Cases/Mark as complete]]></system-out>
      <system-err><![CDATA[]]></system-err>
   </testsuite>
</testsuites>
