<?xml version="1.0" encoding="UTF-8"?>
<testsuites name="sign up" time="68" tests="2" failures="0" errors="0">
   <testsuite name="sign up" tests="2" failures="0" errors="0" time="68" timestamp="2018-11-19 16:11:25" hostname="Asset-192 - WINCTRL-I1MBNJ3" id="Test Suites/sign up">
      <properties>
         <property name="deviceName" value=""/>
         <property name="devicePlatform" value=""/>
         <property name="logFolder" value="C:\\Users\\Asset-192\\Katalon Studio\\Workilo\\Reports\\sign up\\20181119_161121"/>
         <property name="logFiles" value="C:\\Users\\Asset-192\\Katalon Studio\\Workilo\\Reports\\sign up\\20181119_161121\\execution0.log"/>
         <property name="attachments" value=""/>
         <property name="hostName" value="Asset-192 - WINCTRL-I1MBNJ3"/>
         <property name="os" value="Windows 8.1 64bit"/>
         <property name="katalonVersion" value="5.8.6.1"/>
         <property name="browser" value="Chrome 70.0.3538.102"/>
         <property name="hostAddress" value="192.168.0.110"/>
         <property name="sessionId" value="bc0e241d73caefd94a2d6e1c92721728"/>
         <property name="seleniumVersion" value="3.7.1"/>
         <property name="proxyInformation" value="ProxyInformation{proxyOption=NO_PROXY, proxyServerType=HTTP, password=, proxyServerAddress=, proxyServerPort=0}"/>
         <property name="platform" value="Windows 8.1"/>
      </properties>
      <testcase name="Test Cases/Sign-Up for Customer with Valid Inputs" classname="Test Cases/Sign-Up for Customer with Valid Inputs" status="PASSED">
         <system-out><![CDATA[2018-11-19 16:11:26 - [TEST_CASE][PASSED] - Test Cases/Sign-Up for Customer with Valid Inputs: Test Cases/Sign-Up for Customer with Valid Inputs

2018-11-19 16:11:26 - [TEST_STEP][PASSED] - Statement - For ([row = 1, row <= com.kms.katalon.core.testdata.TestDataFactory.findTestData(signup_customer).getRowNumbers(), (row++)]): Browser is closed

2018-11-19 16:11:27 - [TEST_STEP][PASSED] - openBrowser: Browser is opened with url: ''

2018-11-19 16:11:31 - [MESSAGE][PASSED] - Browser is opened with url: ''

2018-11-19 16:11:31 - [TEST_STEP][PASSED] - navigateToUrl: Navigate to 'https://www.workilo.com/' successfully

2018-11-19 16:11:53 - [MESSAGE][PASSED] - Navigate to 'https://www.workilo.com/' successfully

2018-11-19 16:11:53 - [TEST_STEP][PASSED] - maximizeWindow: Current window maximized

2018-11-19 16:11:54 - [MESSAGE][PASSED] - Current window maximized

2018-11-19 16:11:54 - [TEST_STEP][PASSED] - clickEvent.SelectServices.clickUsingJS1: clickEvent.SelectServices.clickUsingJS1 is PASSED

2018-11-19 16:11:54 - [MESSAGE][PASSED] - clickEvent.SelectServices.clickUsingJS1 is PASSED

2018-11-19 16:11:54 - [TEST_STEP][PASSED] - click: Object: 'Object Repository/Signup_Customer/customer_menu' is clicked on

2018-11-19 16:11:55 - [MESSAGE][PASSED] - Object: 'Object Repository/Signup_Customer/customer_menu' is clicked on

2018-11-19 16:11:55 - [TEST_STEP][PASSED] - setText: Text 'naz2@gmail.com' is set on object 'Object Repository/Signup_Customer/email'

2018-11-19 16:11:55 - [MESSAGE][PASSED] - Text 'naz2@gmail.com' is set on object 'Object Repository/Signup_Customer/email'

2018-11-19 16:11:55 - [TEST_STEP][PASSED] - setText: Text 'naz' is set on object 'Object Repository/Signup_Customer/first name'

2018-11-19 16:11:56 - [MESSAGE][PASSED] - Text 'naz' is set on object 'Object Repository/Signup_Customer/first name'

2018-11-19 16:11:56 - [TEST_STEP][PASSED] - setText: Text 'fat' is set on object 'Object Repository/Signup_Customer/Last Name'

2018-11-19 16:11:56 - [MESSAGE][PASSED] - Text 'fat' is set on object 'Object Repository/Signup_Customer/Last Name'

2018-11-19 16:11:56 - [TEST_STEP][PASSED] - setText: Text 'admin#123' is set on object 'Object Repository/Signup_Customer/Password'

2018-11-19 16:11:56 - [MESSAGE][PASSED] - Text 'admin#123' is set on object 'Object Repository/Signup_Customer/Password'

2018-11-19 16:11:56 - [TEST_STEP][PASSED] - setText: Text '65464988465' is set on object 'Object Repository/Signup_Customer/Contact NO'

2018-11-19 16:11:57 - [MESSAGE][PASSED] - Text '65464988465' is set on object 'Object Repository/Signup_Customer/Contact NO'

2018-11-19 16:11:57 - [TEST_STEP][PASSED] - clickEvent.SelectServices.clickUsingJS1: clickEvent.SelectServices.clickUsingJS1 is PASSED

2018-11-19 16:11:57 - [MESSAGE][PASSED] - clickEvent.SelectServices.clickUsingJS1 is PASSED

2018-11-19 16:11:57 - [TEST_STEP][PASSED] - Statement - Try: Object: 'Object Repository/Signup_Customer/DuplicateEmail' is clicked on

2018-11-19 16:11:57 - [TEST_STEP][PASSED] - verifyElementPresent: Object 'Object Repository/Signup_Customer/DuplicateEmail' is present

2018-11-19 16:11:57 - [MESSAGE][PASSED] - Object 'Object Repository/Signup_Customer/DuplicateEmail' is present

2018-11-19 16:11:57 - [TEST_STEP][PASSED] - click: Object: 'Object Repository/Signup_Customer/DuplicateEmail' is clicked on

2018-11-19 16:11:57 - [MESSAGE][PASSED] - Object: 'Object Repository/Signup_Customer/DuplicateEmail' is clicked on

2018-11-19 16:11:57 - [TEST_STEP][PASSED] - closeBrowser: Browser is closed

2018-11-19 16:11:58 - [MESSAGE][PASSED] - Browser is closed]]></system-out>
         <system-err><![CDATA[]]></system-err>
      </testcase>
      <testcase name="Test Cases/Sign up for service provider" classname="Test Cases/Sign up for service provider" status="PASSED">
         <system-out><![CDATA[2018-11-19 16:11:58 - [TEST_CASE][PASSED] - Test Cases/Sign up for service provider: Test Cases/Sign up for service provider

2018-11-19 16:11:59 - [TEST_STEP][PASSED] - Statement - For ([row = 1, row <= com.kms.katalon.core.testdata.TestDataFactory.findTestData(signup_customer).getRowNumbers(), (row++)]): Object: 'Object Repository/Sign up for service provider/Page_Workilo  Shop Setup/Continue button' is clicked on

2018-11-19 16:11:59 - [TEST_STEP][PASSED] - openBrowser: Browser is opened with url: ''

2018-11-19 16:12:01 - [MESSAGE][PASSED] - Browser is opened with url: ''

2018-11-19 16:12:01 - [TEST_STEP][PASSED] - navigateToUrl: Navigate to 'https://www.workilo.com/' successfully

2018-11-19 16:12:09 - [MESSAGE][PASSED] - Navigate to 'https://www.workilo.com/' successfully

2018-11-19 16:12:09 - [TEST_STEP][PASSED] - maximizeWindow: Current window maximized

2018-11-19 16:12:11 - [MESSAGE][PASSED] - Current window maximized

2018-11-19 16:12:11 - [TEST_STEP][PASSED] - clickEvent.SelectServices.clickUsingJS1: clickEvent.SelectServices.clickUsingJS1 is PASSED

2018-11-19 16:12:11 - [MESSAGE][PASSED] - clickEvent.SelectServices.clickUsingJS1 is PASSED

2018-11-19 16:12:11 - [TEST_STEP][PASSED] - setText: Text 'naz51@gmail.com' is set on object 'Object Repository/Sign up for service provider/Page_Workilo  Welcome/input_email_address'

2018-11-19 16:12:11 - [MESSAGE][PASSED] - Text 'naz51@gmail.com' is set on object 'Object Repository/Sign up for service provider/Page_Workilo  Welcome/input_email_address'

2018-11-19 16:12:11 - [TEST_STEP][PASSED] - setText: Text 'test' is set on object 'Object Repository/Sign up for service provider/Page_Workilo  Welcome/input_first_name'

2018-11-19 16:12:11 - [MESSAGE][PASSED] - Text 'test' is set on object 'Object Repository/Sign up for service provider/Page_Workilo  Welcome/input_first_name'

2018-11-19 16:12:11 - [TEST_STEP][PASSED] - setText: Text 'demo' is set on object 'Object Repository/Sign up for service provider/Page_Workilo  Welcome/input_last_name'

2018-11-19 16:12:12 - [MESSAGE][PASSED] - Text 'demo' is set on object 'Object Repository/Sign up for service provider/Page_Workilo  Welcome/input_last_name'

2018-11-19 16:12:12 - [TEST_STEP][PASSED] - setText: Text 'admin#123' is set on object 'Object Repository/Sign up for service provider/Page_Workilo  Welcome/input_new_password'

2018-11-19 16:12:12 - [MESSAGE][PASSED] - Text 'admin#123' is set on object 'Object Repository/Sign up for service provider/Page_Workilo  Welcome/input_new_password'

2018-11-19 16:12:12 - [TEST_STEP][PASSED] - setText: Text '90876543' is set on object 'Object Repository/Sign up for service provider/Page_Workilo  Welcome/input_contact_number'

2018-11-19 16:12:12 - [MESSAGE][PASSED] - Text '90876543' is set on object 'Object Repository/Sign up for service provider/Page_Workilo  Welcome/input_contact_number'

2018-11-19 16:12:12 - [TEST_STEP][PASSED] - clickEvent.SelectServices.clickUsingJS1: clickEvent.SelectServices.clickUsingJS1 is PASSED

2018-11-19 16:12:12 - [MESSAGE][PASSED] - clickEvent.SelectServices.clickUsingJS1 is PASSED

2018-11-19 16:12:12 - [TEST_STEP][PASSED] - verifyElementPresent: Object 'Object Repository/Sign up for service provider/Page_Workilo  Shop Setup/Profile Image' is present

2018-11-19 16:12:15 - [MESSAGE][PASSED] - Object 'Object Repository/Sign up for service provider/Page_Workilo  Shop Setup/Profile Image' is present

2018-11-19 16:12:15 - [TEST_STEP][PASSED] - uploadFile: File 'C:\Users\Asset-192\Desktop\sample images\br.jpg' sent to object: 'Object Repository/Sign up for service provider/Page_Workilo  Shop Setup/Profile Image'

2018-11-19 16:12:15 - [MESSAGE][PASSED] - File 'C:\Users\Asset-192\Desktop\sample images\br.jpg' sent to object: 'Object Repository/Sign up for service provider/Page_Workilo  Shop Setup/Profile Image'

2018-11-19 16:12:15 - [TEST_STEP][PASSED] - setText: Text 'naz_store' is set on object 'Object Repository/Sign up for service provider/Page_Workilo  Shop Setup/input_shop_name'

2018-11-19 16:12:15 - [MESSAGE][PASSED] - Text 'naz_store' is set on object 'Object Repository/Sign up for service provider/Page_Workilo  Shop Setup/input_shop_name'

2018-11-19 16:12:15 - [TEST_STEP][PASSED] - setText: Text '90876543' is set on object 'Object Repository/Sign up for service provider/Page_Workilo  Shop Setup/li_Phone Number'

2018-11-19 16:12:15 - [MESSAGE][PASSED] - Text '90876543' is set on object 'Object Repository/Sign up for service provider/Page_Workilo  Shop Setup/li_Phone Number'

2018-11-19 16:12:15 - [TEST_STEP][PASSED] - setText: Text 'ghfg' is set on object 'Object Repository/Sign up for service provider/Page_Workilo  Shop Setup/input_address'

2018-11-19 16:12:16 - [MESSAGE][PASSED] - Text 'ghfg' is set on object 'Object Repository/Sign up for service provider/Page_Workilo  Shop Setup/input_address'

2018-11-19 16:12:16 - [TEST_STEP][PASSED] - setText: Text '4574564' is set on object 'Object Repository/Sign up for service provider/Page_Workilo  Shop Setup/input_user_zip'

2018-11-19 16:12:16 - [MESSAGE][PASSED] - Text '4574564' is set on object 'Object Repository/Sign up for service provider/Page_Workilo  Shop Setup/input_user_zip'

2018-11-19 16:12:16 - [TEST_STEP][PASSED] - setText: Text 'fdg' is set on object 'Object Repository/Sign up for service provider/Page_Workilo  Shop Setup/input_city'

2018-11-19 16:12:16 - [MESSAGE][PASSED] - Text 'fdg' is set on object 'Object Repository/Sign up for service provider/Page_Workilo  Shop Setup/input_city'

2018-11-19 16:12:16 - [TEST_STEP][PASSED] - selectOptionByValue: All options with value '1061' are selected in object 'Object Repository/Sign up for service provider/Page_Workilo  Shop Setup/select_AlabamaAlaskaArizonaArk'  using regular expression

2018-11-19 16:12:17 - [MESSAGE][PASSED] - All options with value '1061' are selected in object 'Object Repository/Sign up for service provider/Page_Workilo  Shop Setup/select_AlabamaAlaskaArizonaArk'  using regular expression

2018-11-19 16:12:17 - [TEST_STEP][PASSED] - clickEvent.SelectServices.clickUsingJS1: clickEvent.SelectServices.clickUsingJS1 is PASSED

2018-11-19 16:12:21 - [MESSAGE][PASSED] - clickEvent.SelectServices.clickUsingJS1 is PASSED

2018-11-19 16:12:21 - [TEST_STEP][PASSED] - setText: Text 'cooking' is set on object 'Object Repository/Add Listing/Page_Workilo  Create Listing/input_title'

2018-11-19 16:12:22 - [MESSAGE][PASSED] - Text 'cooking' is set on object 'Object Repository/Add Listing/Page_Workilo  Create Listing/input_title'

2018-11-19 16:12:22 - [TEST_STEP][PASSED] - selectOptionByValue: All options with value '84' are selected in object 'Object Repository/Add Listing/Page_Workilo  Create Listing/select_Please SelectAssemblyCr'  using regular expression

2018-11-19 16:12:22 - [MESSAGE][PASSED] - All options with value '84' are selected in object 'Object Repository/Add Listing/Page_Workilo  Create Listing/select_Please SelectAssemblyCr'  using regular expression

2018-11-19 16:12:22 - [TEST_STEP][PASSED] - setText: Text '34' is set on object 'Object Repository/Add Listing/Page_Workilo  Create Listing/input_cell'

2018-11-19 16:12:22 - [MESSAGE][PASSED] - Text '34' is set on object 'Object Repository/Add Listing/Page_Workilo  Create Listing/input_cell'

2018-11-19 16:12:22 - [TEST_STEP][PASSED] - sendKeys: Keys 'ENTER + ' sent to object: 'Object Repository/Add Listing/Page_Workilo  Create Listing/input_cell'

2018-11-19 16:12:22 - [MESSAGE][PASSED] - Keys 'ENTER + ' sent to object: 'Object Repository/Add Listing/Page_Workilo  Create Listing/input_cell'

2018-11-19 16:12:22 - [TEST_STEP][PASSED] - setText: Text 'naz51@gmail.com' is set on object 'Object Repository/Add Listing/Page_Workilo  Create Listing/input_cell'

2018-11-19 16:12:22 - [MESSAGE][PASSED] - Text 'naz51@gmail.com' is set on object 'Object Repository/Add Listing/Page_Workilo  Create Listing/input_cell'

2018-11-19 16:12:22 - [TEST_STEP][PASSED] - sendKeys: Keys 'ENTER + ' sent to object: 'Object Repository/Add Listing/Page_Workilo  Create Listing/input_cell'

2018-11-19 16:12:23 - [MESSAGE][PASSED] - Keys 'ENTER + ' sent to object: 'Object Repository/Add Listing/Page_Workilo  Create Listing/input_cell'

2018-11-19 16:12:23 - [TEST_STEP][PASSED] - setText: Text 'naz51@gmail.com' is set on object 'Object Repository/Add Listing/Page_Workilo  Create Listing/input_cell'

2018-11-19 16:12:23 - [MESSAGE][PASSED] - Text 'naz51@gmail.com' is set on object 'Object Repository/Add Listing/Page_Workilo  Create Listing/input_cell'

2018-11-19 16:12:23 - [TEST_STEP][PASSED] - sendKeys: Keys 'ENTER + ' sent to object: 'Object Repository/Add Listing/Page_Workilo  Create Listing/input_cell'

2018-11-19 16:12:23 - [MESSAGE][PASSED] - Keys 'ENTER + ' sent to object: 'Object Repository/Add Listing/Page_Workilo  Create Listing/input_cell'

2018-11-19 16:12:23 - [TEST_STEP][PASSED] - scrollToPosition: Browser is scrolled to position x = 0, y = 350

2018-11-19 16:12:23 - [MESSAGE][PASSED] - Browser is scrolled to position x = 0, y = 350

2018-11-19 16:12:23 - [TEST_STEP][PASSED] - setText: Text '34' is set on object 'Object Repository/Add Listing/Page_Workilo  Create Listing/textarea_description'

2018-11-19 16:12:23 - [MESSAGE][PASSED] - Text '34' is set on object 'Object Repository/Add Listing/Page_Workilo  Create Listing/textarea_description'

2018-11-19 16:12:23 - [TEST_STEP][PASSED] - setText: Text '34' is set on object 'Object Repository/Add Listing/Page_Workilo  Create Listing/input_price'

2018-11-19 16:12:23 - [MESSAGE][PASSED] - Text '34' is set on object 'Object Repository/Add Listing/Page_Workilo  Create Listing/input_price'

2018-11-19 16:12:23 - [TEST_STEP][PASSED] - scrollToPosition: Browser is scrolled to position x = 0, y = 350

2018-11-19 16:12:23 - [MESSAGE][PASSED] - Browser is scrolled to position x = 0, y = 350

2018-11-19 16:12:23 - [TEST_STEP][PASSED] - setText: Text 'e' is set on object 'Object Repository/Add Listing/Page_Workilo  Create Listing/textarea_description_material'

2018-11-19 16:12:24 - [MESSAGE][PASSED] - Text 'e' is set on object 'Object Repository/Add Listing/Page_Workilo  Create Listing/textarea_description_material'

2018-11-19 16:12:24 - [TEST_STEP][PASSED] - selectOptionByValue: All options with value '2' are selected in object 'Object Repository/Add Listing/Page_Workilo  Create Listing/select_Miles willing to travel'  using regular expression

2018-11-19 16:12:24 - [MESSAGE][PASSED] - All options with value '2' are selected in object 'Object Repository/Add Listing/Page_Workilo  Create Listing/select_Miles willing to travel'  using regular expression

2018-11-19 16:12:24 - [TEST_STEP][PASSED] - setText: Text 'wee' is set on object 'Object Repository/Add Listing/Page_Workilo  Create Listing/input_where_located'

2018-11-19 16:12:24 - [MESSAGE][PASSED] - Text 'wee' is set on object 'Object Repository/Add Listing/Page_Workilo  Create Listing/input_where_located'

2018-11-19 16:12:24 - [TEST_STEP][PASSED] - setText: Text '1' is set on object 'Object Repository/Add Listing/Page_Workilo  Create Listing/input_how_many_hours'

2018-11-19 16:12:24 - [MESSAGE][PASSED] - Text '1' is set on object 'Object Repository/Add Listing/Page_Workilo  Create Listing/input_how_many_hours'

2018-11-19 16:12:24 - [TEST_STEP][PASSED] - scrollToPosition: Browser is scrolled to position x = 0, y = 1000

2018-11-19 16:12:24 - [MESSAGE][PASSED] - Browser is scrolled to position x = 0, y = 1000

2018-11-19 16:12:24 - [TEST_STEP][PASSED] - uploadFile: File 'C:\Users\Asset-192\Desktop\sample images\br.jpg' sent to object: 'Object Repository/Add Listing/Page_Workilo  Create Listing/input_image-upload1'

2018-11-19 16:12:24 - [MESSAGE][PASSED] - File 'C:\Users\Asset-192\Desktop\sample images\br.jpg' sent to object: 'Object Repository/Add Listing/Page_Workilo  Create Listing/input_image-upload1'

2018-11-19 16:12:24 - [TEST_STEP][PASSED] - verifyElementVisible: Object 'Object Repository/Add Listing/Page_Workilo  Create Listing/save' is visible

2018-11-19 16:12:25 - [MESSAGE][PASSED] - Object 'Object Repository/Add Listing/Page_Workilo  Create Listing/save' is visible

2018-11-19 16:12:25 - [TEST_STEP][PASSED] - waitForElementVisible: Object 'Object Repository/Add Listing/Page_Workilo  Create Listing/save' is visible

2018-11-19 16:12:25 - [MESSAGE][PASSED] - Object 'Object Repository/Add Listing/Page_Workilo  Create Listing/save' is visible

2018-11-19 16:12:25 - [TEST_STEP][PASSED] - scrollToElement: Scroll to object 'Object Repository/Add Listing/Page_Workilo  Create Listing/save' successfully

2018-11-19 16:12:25 - [MESSAGE][PASSED] - Scroll to object 'Object Repository/Add Listing/Page_Workilo  Create Listing/save' successfully

2018-11-19 16:12:25 - [TEST_STEP][PASSED] - clickEvent.SelectServices.clickUsingJS1: clickEvent.SelectServices.clickUsingJS1 is PASSED

2018-11-19 16:12:28 - [MESSAGE][PASSED] - clickEvent.SelectServices.clickUsingJS1 is PASSED

2018-11-19 16:12:28 - [TEST_STEP][PASSED] - verifyElementPresent: Object 'Object Repository/Sign up for service provider/Page_Workilo  Shop Setup/step3' is present

2018-11-19 16:12:28 - [MESSAGE][PASSED] - Object 'Object Repository/Sign up for service provider/Page_Workilo  Shop Setup/step3' is present

2018-11-19 16:12:28 - [TEST_STEP][PASSED] - selectOptionByValue: All options with value '10' are selected in object 'Object Repository/Sign up for service provider/Page_Workilo  Shop Setup/Open Shop Time' 

2018-11-19 16:12:28 - [MESSAGE][PASSED] - All options with value '10' are selected in object 'Object Repository/Sign up for service provider/Page_Workilo  Shop Setup/Open Shop Time' 

2018-11-19 16:12:28 - [TEST_STEP][PASSED] - selectOptionByValue: All options with value '19' are selected in object 'Object Repository/Sign up for service provider/Page_Workilo  Shop Setup/Close shop time' 

2018-11-19 16:12:29 - [MESSAGE][PASSED] - All options with value '19' are selected in object 'Object Repository/Sign up for service provider/Page_Workilo  Shop Setup/Close shop time' 

2018-11-19 16:12:29 - [TEST_STEP][PASSED] - scrollToElement: Scroll to object 'Object Repository/Sign up for service provider/Page_Workilo  Shop Setup/openshop' successfully

2018-11-19 16:12:29 - [MESSAGE][PASSED] - Scroll to object 'Object Repository/Sign up for service provider/Page_Workilo  Shop Setup/openshop' successfully

2018-11-19 16:12:29 - [TEST_STEP][PASSED] - click: Object: 'Object Repository/Sign up for service provider/Page_Workilo  Shop Setup/openshop' is clicked on

2018-11-19 16:12:31 - [MESSAGE][PASSED] - Object: 'Object Repository/Sign up for service provider/Page_Workilo  Shop Setup/openshop' is clicked on

2018-11-19 16:12:31 - [TEST_STEP][PASSED] - scrollToElement: Scroll to object 'Object Repository/Sign up for service provider/Page_Workilo  Shop Setup/Continue button' successfully

2018-11-19 16:12:31 - [MESSAGE][PASSED] - Scroll to object 'Object Repository/Sign up for service provider/Page_Workilo  Shop Setup/Continue button' successfully

2018-11-19 16:12:31 - [TEST_STEP][PASSED] - click: Object: 'Object Repository/Sign up for service provider/Page_Workilo  Shop Setup/Continue button' is clicked on

2018-11-19 16:12:33 - [MESSAGE][PASSED] - Object: 'Object Repository/Sign up for service provider/Page_Workilo  Shop Setup/Continue button' is clicked on]]></system-out>
         <system-err><![CDATA[]]></system-err>
      </testcase>
      <system-out><![CDATA[2018-11-19 16:11:25 - [TEST_SUITE][PASSED] - sign up: Test Cases/Sign up for service provider]]></system-out>
      <system-err><![CDATA[]]></system-err>
   </testsuite>
</testsuites>
